<?xml version="1.0" encoding="UTF-8"?>
<testsuite xmlns:xsi="http://www.w3.org/2001/XMLSchema-instance" xsi:noNamespaceSchemaLocation="https://maven.apache.org/surefire/maven-surefire-plugin/xsd/surefire-test-report.xsd" name="TestSuite" time="371.719" tests="8" errors="0" skipped="5" failures="2">
  <properties>
[...]
</properties>
  <testcase name="openAppn" classname="regressionscripts.ValidLogin" time="71.83">
    <failure message="No connection could be made because the target machine actively refused it. (os error 10061)&#10;Build info: version: &apos;3.141.59&apos;, revision: &apos;e82be7d358&apos;, time: &apos;2018-11-14T08:17:03&apos;&#10;System info: host: &apos;DESKTOP-O7R52HK&apos;, ip: &apos;192.168.0.170&apos;, os.name: &apos;Windows 10&apos;, os.arch: &apos;amd64&apos;, os.version: &apos;10.0&apos;, java.version: &apos;15.0.2&apos;&#10;Driver info: driver.version: FirefoxDriver&#10;remote stacktrace: " type="org.openqa.selenium.TimeoutException">org.openqa.selenium.TimeoutException: 
No connection could be made because the target machine actively refused it. (os error 10061)
Build info: version: '3.141.59', revision: 'e82be7d358', time: '2018-11-14T08:17:03'
System info: host: 'DESKTOP-O7R52HK', ip: '192.168.0.170', os.name: 'Windows 10', os.arch: 'amd64', os.version: '10.0', java.version: '15.0.2'
Driver info: driver.version: FirefoxDriver
remote stacktrace: 
</failure>
    <system-err><![CDATA[1640518218227	geckodriver	INFO	Listening on 127.0.0.1:41237
1640518219380	mozrunner::runner	INFO	Running command: "C:\\Program Files (x86)\\Mozilla Firefox\\firefox.exe" "--marionette" "-foreground" "-no-remote" "-profile" "C:\\Users\\Admin\\AppData\\Local\\Temp\\rust_mozprofileVNBvZ7"
1640518236216	Marionette	INFO	Marionette enabled
console.warn: SearchSettings: "get: No settings file exists, new profile?" (new NotFoundError("Could not open the file at C:\\Users\\Admin\\AppData\\Local\\Temp\\rust_mozprofileVNBvZ7\\search.json.mozlz4", (void 0)))
]]></system-err>
  </testcase>
  <testcase name="validlogin" classname="regressionscripts.ValidLogin" time="0">
    <skipped/>
  </testcase>
  <testcase name="validlogin" classname="regressionscripts.ValidLogin" time="82.541">
    <failure message="java.lang.reflect.InvocationTargetException&#10;Build info: version: &apos;3.141.59&apos;, revision: &apos;e82be7d358&apos;, time: &apos;2018-11-14T08:17:03&apos;&#10;System info: host: &apos;DESKTOP-O7R52HK&apos;, ip: &apos;192.168.0.170&apos;, os.name: &apos;Windows 10&apos;, os.arch: &apos;amd64&apos;, os.version: &apos;10.0&apos;, java.version: &apos;15.0.2&apos;&#10;Driver info: driver.version: RemoteWebDriver" type="org.openqa.selenium.json.JsonException">org.openqa.selenium.json.JsonException: 
java.lang.reflect.InvocationTargetException
Build info: version: '3.141.59', revision: 'e82be7d358', time: '2018-11-14T08:17:03'
System info: host: 'DESKTOP-O7R52HK', ip: '192.168.0.170', os.name: 'Windows 10', os.arch: 'amd64', os.version: '10.0', java.version: '15.0.2'
Driver info: driver.version: RemoteWebDriver
	at regressionscripts.ValidLogin.validlogin(ValidLogin.java:27)
Caused by: java.lang.reflect.InvocationTargetException
	at regressionscripts.ValidLogin.validlogin(ValidLogin.java:27)
Caused by: org.openqa.selenium.NoSuchElementException: 
no such element: Unable to locate element: {"method":"xpath","selector":"//span[.='Men']"}
  (Session info: chrome=96.0.4664.110)
For documentation on this error, please visit: https://www.seleniumhq.org/exceptions/no_such_element.html
Build info: version: '3.141.59', revision: 'e82be7d358', time: '2018-11-14T08:17:03'
System info: host: 'DESKTOP-O7R52HK', ip: '192.168.0.170', os.name: 'Windows 10', os.arch: 'amd64', os.version: '10.0', java.version: '15.0.2'
Driver info: org.openqa.selenium.chrome.ChromeDriver
Capabilities {acceptInsecureCerts: false, browserName: chrome, browserVersion: 96.0.4664.110, chrome: {chromedriverVersion: 95.0.4638.69 (6a1600ed572fe..., userDataDir: C:\Users\Admin\AppData\Loca...}, goog:chromeOptions: {debuggerAddress: localhost:49970}, javascriptEnabled: true, networkConnectionEnabled: false, pageLoadStrategy: normal, platform: WINDOWS, platformName: WINDOWS, proxy: Proxy(), setWindowRect: true, strictFileInteractability: false, timeouts: {implicit: 0, pageLoad: 300000, script: 30000}, unhandledPromptBehavior: dismiss and notify, webauthn:extension:credBlob: true, webauthn:extension:largeBlob: true, webauthn:virtualAuthenticators: true}
Session ID: f946c84f9cbed4475d37425f0022b0f9
*** Element info: {Using=xpath, value=//span[.='Men']}
	at regressionscripts.ValidLogin.validlogin(ValidLogin.java:27)
</failure>
    <system-out><![CDATA[element not displayed
]]></system-out>
    <system-err><![CDATA[console.error: Region.jsm: "Error fetching region" (new Error("TIMEOUT", "resource://gre/modules/Region.jsm", 772))
console.error: Region.jsm: "Failed to fetch region" (new Error("TIMEOUT", "resource://gre/modules/Region.jsm", 419))
Starting ChromeDriver 95.0.4638.69 (6a1600ed572fedecd573b6c2b90a22fe6392a410-refs/branch-heads/4638@{#984}) on port 38912
Only local connections are allowed.
Please see https://chromedriver.chromium.org/security-considerations for suggestions on keeping ChromeDriver safe.
ChromeDriver was started successfully.
console.error: PushServiceWebSocket: 
  _beginWSSetup: Not in shutdown state! Current state
  2
console.error: PushServiceWebSocket: 
  _beginWSSetup: Not in shutdown state! Current state
  2
1640518314262	Marionette	INFO	Listening on port 49882
[1640518363.495][WARNING]: This version of ChromeDriver has not been tested with Chrome version 96.
Dec 26, 2021 5:02:57 PM org.openqa.selenium.remote.ProtocolHandshake createSession
INFO: Detected dialect: W3C
]]></system-err>
  </testcase>
  <testcase name="closeAppn" classname="regressionscripts.ValidLogin" time="0">
    <skipped/>
  </testcase>
  <testcase name="openAppn" classname="regressionscripts.InvalidLogin" time="0">
    <skipped/>
  </testcase>
  <testcase name="InvalidLogin" classname="regressionscripts.InvalidLogin" time="0">
    <skipped/>
  </testcase>
  <testcase name="InvalidLogin" classname="regressionscripts.InvalidLogin" time="3.426"/>
  <testcase name="closeAppn" classname="regressionscripts.InvalidLogin" time="0">
    <skipped/>
  </testcase>
</testsuite>